Arguments: 
  /usr/local/bin/node /opt/yarn-v1.22.5/bin/yarn.js add apollo-boost graphql-tag graphql

PATH: 
  /usr/local/sbin:/usr/local/bin:/usr/sbin:/usr/bin:/sbin:/bin

Yarn version: 
  1.22.5

Node version: 
  16.7.0

Platform: 
  linux x64

Trace: 
  Error: ENOENT: no such file or directory, copyfile '/usr/local/share/.cache/yarn/v6/npm-@material-ui-icons-4.11.2-integrity/node_modules/@material-ui/icons/EnhancedEncryptionOutlined.d.ts' -> '/usr/src/app/node_modules/@material-ui/icons/EnhancedEncryptionOutlined.d.ts'

npm manifest: 
  {
    "dependencies": {
      "@apollo/client": "^3.4.15",
      "@material-ui/core": "^4.12.4",
      "@material-ui/icons": "^4.11.2",
      "@material-ui/lab": "^4.0.0-alpha.61",
      "@types/react-router-dom": "^5.1.8",
      "apollo-boost": "^0.4.9",
      "axios": "^0.21.1",
      "downshift": "^5.1.0-alpha.1",
      "graphql": "^16.3.0",
      "graphql-tag": "^2.12.6",
      "https-proxy-agent": "^2.2.3",
      "react-apollo": "^3.1.5",
      "react-paginate": "^8.1.2"
    },
    "devDependencies": {
      "@types/axios": "^0.14.0",
      "react-router": "^6.2.2",
      "react-router-dom": "^6.2.2"
    }
  }

yarn manifest: 
  No manifest

Lockfile: 
  # THIS IS AN AUTOGENERATED FILE. DO NOT EDIT THIS FILE DIRECTLY.
  # yarn lockfile v1
  
  
  "@apollo/client@^3.4.15":
    version "3.4.15"
    resolved "https://registry.npmjs.org/@apollo/client/-/client-3.4.15.tgz"
    integrity sha512-CnlT9i7TgHagkKQNvti81A9KcbIMqgpUPGJJL6bg5spTsB2R/5J6E7qiPcMvXuuXwR2xe4FmE4Ey4HizStb8Hg==
    dependencies:
      "@graphql-typed-document-node/core" "^3.0.0"
      "@wry/context" "^0.6.0"
      "@wry/equality" "^0.5.0"
      "@wry/trie" "^0.3.0"
      graphql-tag "^2.12.3"
      hoist-non-react-statics "^3.3.2"
      optimism "^0.16.1"
      prop-types "^15.7.2"
      symbol-observable "^4.0.0"
      ts-invariant "^0.9.0"
      tslib "^2.3.0"
      zen-observable-ts "~1.1.0"
  
  "@apollo/react-common@^3.1.4":
    version "3.1.4"
    resolved "https://registry.npmjs.org/@apollo/react-common/-/react-common-3.1.4.tgz"
    integrity sha512-X5Kyro73bthWSCBJUC5XYQqMnG0dLWuDZmVkzog9dynovhfiVCV4kPSdgSIkqnb++cwCzOVuQ4rDKVwo2XRzQA==
    dependencies:
      ts-invariant "^0.4.4"
      tslib "^1.10.0"
  
  "@apollo/react-components@^3.1.5":
    version "3.1.5"
    resolved "https://registry.npmjs.org/@apollo/react-components/-/react-components-3.1.5.tgz"
    integrity sha512-c82VyUuE9VBnJB7bnX+3dmwpIPMhyjMwyoSLyQWPHxz8jK4ak30XszJtqFf4eC4hwvvLYa+Ou6X73Q8V8e2/jg==
    dependencies:
      "@apollo/react-common" "^3.1.4"
      "@apollo/react-hooks" "^3.1.5"
      prop-types "^15.7.2"
      ts-invariant "^0.4.4"
      tslib "^1.10.0"
  
  "@apollo/react-hoc@^3.1.5":
    version "3.1.5"
    resolved "https://registry.npmjs.org/@apollo/react-hoc/-/react-hoc-3.1.5.tgz"
    integrity sha512-jlZ2pvEnRevLa54H563BU0/xrYSgWQ72GksarxUzCHQW85nmn9wQln0kLBX7Ua7SBt9WgiuYQXQVechaaCulfQ==
    dependencies:
      "@apollo/react-common" "^3.1.4"
      "@apollo/react-components" "^3.1.5"
      hoist-non-react-statics "^3.3.0"
      ts-invariant "^0.4.4"
      tslib "^1.10.0"
  
  "@apollo/react-hooks@^3.1.5":
    version "3.1.5"
    resolved "https://registry.npmjs.org/@apollo/react-hooks/-/react-hooks-3.1.5.tgz"
    integrity sha512-y0CJ393DLxIIkksRup4nt+vSjxalbZBXnnXxYbviq/woj+zKa431zy0yT4LqyRKpFy9ahMIwxBnBwfwIoupqLQ==
    dependencies:
      "@apollo/react-common" "^3.1.4"
      "@wry/equality" "^0.1.9"
      ts-invariant "^0.4.4"
      tslib "^1.10.0"
  
  "@apollo/react-ssr@^3.1.5":
    version "3.1.5"
    resolved "https://registry.npmjs.org/@apollo/react-ssr/-/react-ssr-3.1.5.tgz"
    integrity sha512-wuLPkKlctNn3u8EU8rlECyktpOUCeekFfb0KhIKknpGY6Lza2Qu0bThx7D9MIbVEzhKadNNrzLcpk0Y8/5UuWg==
    dependencies:
      "@apollo/react-common" "^3.1.4"
      "@apollo/react-hooks" "^3.1.5"
      tslib "^1.10.0"
  
  "@babel/runtime@^7.3.1", "@babel/runtime@^7.4.4", "@babel/runtime@^7.4.5", "@babel/runtime@^7.5.5", "@babel/runtime@^7.7.6", "@babel/runtime@^7.8.3", "@babel/runtime@^7.8.7":
    version "7.15.3"
    resolved "https://registry.npmjs.org/@babel/runtime/-/runtime-7.15.3.tgz"
    integrity sha512-OvwMLqNXkCXSz1kSm58sEsNuhqOx/fKpnUnKnFB5v8uDda5bLNEHNgKPvhDN6IU0LDcnHQ90LlJ0Q6jnyBSIBA==
    dependencies:
      regenerator-runtime "^0.13.4"
  
  "@emotion/hash@^0.8.0":
    version "0.8.0"
    resolved "https://registry.npmjs.org/@emotion/hash/-/hash-0.8.0.tgz"
    integrity sha512-kBJtf7PH6aWwZ6fka3zQ0p6SBYzx4fl1LoZXE2RrnYST9Xljm7WfKJrU4g/Xr3Beg72MLrp1AWNUmuYJTL7Cow==
  
  "@graphql-typed-document-node/core@^3.0.0":
    version "3.1.0"
    resolved "https://registry.npmjs.org/@graphql-typed-document-node/core/-/core-3.1.0.tgz"
    integrity sha512-wYn6r8zVZyQJ6rQaALBEln5B1pzxb9shV5Ef97kTvn6yVGrqyXVnDqnU24MXnFubR+rZjBY9NWuxX3FB2sTsjg==
  
  "@material-ui/core@^4.12.4":
    version "4.12.4"
    resolved "https://registry.npmjs.org/@material-ui/core/-/core-4.12.4.tgz"
    integrity sha512-tr7xekNlM9LjA6pagJmL8QCgZXaubWUwkJnoYcMKd4gw/t4XiyvnTkjdGrUVicyB2BsdaAv1tvow45bPM4sSwQ==
    dependencies:
      "@babel/runtime" "^7.4.4"
      "@material-ui/styles" "^4.11.5"
      "@material-ui/system" "^4.12.2"
      "@material-ui/types" "5.1.0"
      "@material-ui/utils" "^4.11.3"
      "@types/react-transition-group" "^4.2.0"
      clsx "^1.0.4"
      hoist-non-react-statics "^3.3.2"
      popper.js "1.16.1-lts"
      prop-types "^15.7.2"
      react-is "^16.8.0 || ^17.0.0"
      react-transition-group "^4.4.0"
  
  "@material-ui/icons@^4.11.2":
    version "4.11.2"
    resolved "https://registry.npmjs.org/@material-ui/icons/-/icons-4.11.2.tgz"
    integrity sha512-fQNsKX2TxBmqIGJCSi3tGTO/gZ+eJgWmMJkgDiOfyNaunNaxcklJQFaFogYcFl0qFuaEz1qaXYXboa/bUXVSOQ==
    dependencies:
      "@babel/runtime" "^7.4.4"
  
  "@material-ui/lab@^4.0.0-alpha.61":
    version "4.0.0-alpha.61"
    resolved "https://registry.npmjs.org/@material-ui/lab/-/lab-4.0.0-alpha.61.tgz"
    integrity sha512-rSzm+XKiNUjKegj8bzt5+pygZeckNLOr+IjykH8sYdVk7dE9y2ZuUSofiMV2bJk3qU+JHwexmw+q0RyNZB9ugg==
    dependencies:
      "@babel/runtime" "^7.4.4"
      "@material-ui/utils" "^4.11.3"
      clsx "^1.0.4"
      prop-types "^15.7.2"
      react-is "^16.8.0 || ^17.0.0"
  
  "@material-ui/styles@^4.11.5":
    version "4.11.5"
    resolved "https://registry.npmjs.org/@material-ui/styles/-/styles-4.11.5.tgz"
    integrity sha512-o/41ot5JJiUsIETME9wVLAJrmIWL3j0R0Bj2kCOLbSfqEkKf0fmaPt+5vtblUh5eXr2S+J/8J3DaCb10+CzPGA==
    dependencies:
      "@babel/runtime" "^7.4.4"
      "@emotion/hash" "^0.8.0"
      "@material-ui/types" "5.1.0"
      "@material-ui/utils" "^4.11.3"
      clsx "^1.0.4"
      csstype "^2.5.2"
      hoist-non-react-statics "^3.3.2"
      jss "^10.5.1"
      jss-plugin-camel-case "^10.5.1"
      jss-plugin-default-unit "^10.5.1"
      jss-plugin-global "^10.5.1"
      jss-plugin-nested "^10.5.1"
      jss-plugin-props-sort "^10.5.1"
      jss-plugin-rule-value-function "^10.5.1"
      jss-plugin-vendor-prefixer "^10.5.1"
      prop-types "^15.7.2"
  
  "@material-ui/system@^4.12.2":
    version "4.12.2"
    resolved "https://registry.npmjs.org/@material-ui/system/-/system-4.12.2.tgz"
    integrity sha512-6CSKu2MtmiJgcCGf6nBQpM8fLkuB9F55EKfbdTC80NND5wpTmKzwdhLYLH3zL4cLlK0gVaaltW7/wMuyTnN0Lw==
    dependencies:
      "@babel/runtime" "^7.4.4"
      "@material-ui/utils" "^4.11.3"
      csstype "^2.5.2"
      prop-types "^15.7.2"
  
  "@material-ui/types@5.1.0":
    version "5.1.0"
    resolved "https://registry.npmjs.org/@material-ui/types/-/types-5.1.0.tgz"
    integrity sha512-7cqRjrY50b8QzRSYyhSpx4WRw2YuO0KKIGQEVk5J8uoz2BanawykgZGoWEqKm7pVIbzFDN0SpPcVV4IhOFkl8A==
  
  "@material-ui/utils@^4.11.3":
    version "4.11.3"
    resolved "https://registry.npmjs.org/@material-ui/utils/-/utils-4.11.3.tgz"
    integrity sha512-ZuQPV4rBK/V1j2dIkSSEcH5uT6AaHuKWFfotADHsC0wVL1NLd2WkFCm4ZZbX33iO4ydl6V0GPngKm8HZQ2oujg==
    dependencies:
      "@babel/runtime" "^7.4.4"
      prop-types "^15.7.2"
      react-is "^16.8.0 || ^17.0.0"
  
  "@types/axios@^0.14.0":
    version "0.14.0"
    resolved "https://registry.npmjs.org/@types/axios/-/axios-0.14.0.tgz"
    integrity sha1-7CMA++fX3d1+udOr+HmZlkyvzkY=
    dependencies:
      axios "*"
  
  "@types/history@*":
    version "4.7.9"
    resolved "https://registry.npmjs.org/@types/history/-/history-4.7.9.tgz"
    integrity sha512-MUc6zSmU3tEVnkQ78q0peeEjKWPUADMlC/t++2bI8WnAG2tvYRPIgHG8lWkXwqc8MsUF6Z2MOf+Mh5sazOmhiQ==
  
  "@types/node@>=6":
    version "16.10.1"
    resolved "https://registry.npmjs.org/@types/node/-/node-16.10.1.tgz"
    integrity sha512-4/Z9DMPKFexZj/Gn3LylFgamNKHm4K3QDi0gz9B26Uk0c8izYf97B5fxfpspMNkWlFupblKM/nV8+NA9Ffvr+w==
  
  "@types/prop-types@*":
    version "15.7.4"
    resolved "https://registry.npmjs.org/@types/prop-types/-/prop-types-15.7.4.tgz"
    integrity sha512-rZ5drC/jWjrArrS8BR6SIr4cWpW09RNTYt9AMZo3Jwwif+iacXAqgVjm0B0Bv/S1jhDXKHqRVNCbACkJ89RAnQ==
  
  "@types/react-router-dom@^5.1.8":
    version "5.1.8"
    resolved "https://registry.npmjs.org/@types/react-router-dom/-/react-router-dom-5.1.8.tgz"
    integrity sha512-03xHyncBzG0PmDmf8pf3rehtjY0NpUj7TIN46FrT5n1ZWHPZvXz32gUyNboJ+xsL8cpg8bQVLcllptcQHvocrw==
    dependencies:
      "@types/history" "*"
      "@types/react" "*"
      "@types/react-router" "*"
  
  "@types/react-router@*":
    version "5.1.16"
    resolved "https://registry.npmjs.org/@types/react-router/-/react-router-5.1.16.tgz"
    integrity sha512-8d7nR/fNSqlTFGHti0R3F9WwIertOaaA1UEB8/jr5l5mDMOs4CidEgvvYMw4ivqrBK+vtVLxyTj2P+Pr/dtgzg==
    dependencies:
      "@types/history" "*"
      "@types/react" "*"
  
  "@types/react-transition-group@^4.2.0":
    version "4.4.2"
    resolved "https://registry.npmjs.org/@types/react-transition-group/-/react-transition-group-4.4.2.tgz"
    integrity sha512-KibDWL6nshuOJ0fu8ll7QnV/LVTo3PzQ9aCPnRUYPfX7eZohHwLIdNHj7pftanREzHNP4/nJa8oeM73uSiavMQ==
    dependencies:
      "@types/react" "*"
  
  "@types/react@*":
    version "16.14.15"
    resolved "https://registry.npmjs.org/@types/react/-/react-16.14.15.tgz"
    integrity sha512-jOxlBV9RGZhphdeqJTCv35VZOkjY+XIEY2owwSk84BNDdDv2xS6Csj6fhi+B/q30SR9Tz8lDNt/F2Z5RF3TrRg==
    dependencies:
      "@types/prop-types" "*"
      "@types/scheduler" "*"
      csstype "^3.0.2"
  
  "@types/scheduler@*":
    version "0.16.2"
    resolved "https://registry.npmjs.org/@types/scheduler/-/scheduler-0.16.2.tgz"
    integrity sha512-hppQEBDmlwhFAXKJX2KnWLYu5yMfi91yazPb2l+lbJiwW+wdo1gNeRA+3RgNSO39WYX2euey41KEwnqesU2Jew==
  
  "@types/zen-observable@0.8.3", "@types/zen-observable@^0.8.0":
    version "0.8.3"
    resolved "https://registry.npmjs.org/@types/zen-observable/-/zen-observable-0.8.3.tgz"
    integrity sha512-fbF6oTd4sGGy0xjHPKAt+eS2CrxJ3+6gQ3FGcBoIJR2TLAyCkCyI8JqZNy+FeON0AhVgNJoUumVoZQjBFUqHkw==
  
  "@wry/context@^0.4.0":
    version "0.4.4"
    resolved "https://registry.npmjs.org/@wry/context/-/context-0.4.4.tgz"
    integrity sha512-LrKVLove/zw6h2Md/KZyWxIkFM6AoyKp71OqpH9Hiip1csjPVoD3tPxlbQUNxEnHENks3UGgNpSBCAfq9KWuag==
    dependencies:
      "@types/node" ">=6"
      tslib "^1.9.3"
  
  "@wry/context@^0.6.0":
    version "0.6.1"
    resolved "https://registry.npmjs.org/@wry/context/-/context-0.6.1.tgz"
    integrity sha512-LOmVnY1iTU2D8tv4Xf6MVMZZ+juIJ87Kt/plMijjN20NMAXGmH4u8bS1t0uT74cZ5gwpocYueV58YwyI8y+GKw==
    dependencies:
      tslib "^2.3.0"
  
  "@wry/equality@^0.1.2", "@wry/equality@^0.1.9":
    version "0.1.11"
    resolved "https://registry.npmjs.org/@wry/equality/-/equality-0.1.11.tgz"
    integrity sha512-mwEVBDUVODlsQQ5dfuLUS5/Tf7jqUKyhKYHmVi4fPB6bDMOfWvUPJmKgS1Z7Za/sOI3vzWt4+O7yCiL/70MogA==
    dependencies:
      tslib "^1.9.3"
  
  "@wry/equality@^0.5.0":
    version "0.5.2"
    resolved "https://registry.npmjs.org/@wry/equality/-/equality-0.5.2.tgz"
    integrity sha512-oVMxbUXL48EV/C0/M7gLVsoK6qRHPS85x8zECofEZOVvxGmIPLA9o5Z27cc2PoAyZz1S2VoM2A7FLAnpfGlneA==
    dependencies:
      tslib "^2.3.0"
  
  "@wry/trie@^0.3.0":
    version "0.3.1"
    resolved "https://registry.npmjs.org/@wry/trie/-/trie-0.3.1.tgz"
    integrity sha512-WwB53ikYudh9pIorgxrkHKrQZcCqNM/Q/bDzZBffEaGUKGuHrRb3zZUT9Sh2qw9yogC7SsdRmQ1ER0pqvd3bfw==
    dependencies:
      tslib "^2.3.0"
  
  agent-base@^4.3.0:
    version "4.3.0"
    resolved "https://registry.npmjs.org/agent-base/-/agent-base-4.3.0.tgz"
    integrity sha512-salcGninV0nPrwpGNn4VTXBb1SOuXQBiqbrNXoeizJsHrsL6ERFM2Ne3JUSBWRE6aeNJI2ROP/WEEIDUiDe3cg==
    dependencies:
      es6-promisify "^5.0.0"
  
  apollo-boost@^0.4.9:
    version "0.4.9"
    resolved "https://registry.yarnpkg.com/apollo-boost/-/apollo-boost-0.4.9.tgz#ab3ba539c2ca944e6fd156583a1b1954b17a6791"
    integrity sha512-05y5BKcDaa8w47f8d81UVwKqrAjn8uKLv6QM9fNdldoNzQ+rnOHgFlnrySUZRz9QIT3vPftQkEz2UEASp1Mi5g==
    dependencies:
      apollo-cache "^1.3.5"
      apollo-cache-inmemory "^1.6.6"
      apollo-client "^2.6.10"
      apollo-link "^1.0.6"
      apollo-link-error "^1.0.3"
      apollo-link-http "^1.3.1"
      graphql-tag "^2.4.2"
      ts-invariant "^0.4.0"
      tslib "^1.10.0"
  
  apollo-cache-inmemory@^1.6.6:
    version "1.6.6"
    resolved "https://registry.npmjs.org/apollo-cache-inmemory/-/apollo-cache-inmemory-1.6.6.tgz"
    integrity sha512-L8pToTW/+Xru2FFAhkZ1OA9q4V4nuvfoPecBM34DecAugUZEBhI2Hmpgnzq2hTKZ60LAMrlqiASm0aqAY6F8/A==
    dependencies:
      apollo-cache "^1.3.5"
      apollo-utilities "^1.3.4"
      optimism "^0.10.0"
      ts-invariant "^0.4.0"
      tslib "^1.10.0"
  
  apollo-cache@1.3.5, apollo-cache@^1.3.5:
    version "1.3.5"
    resolved "https://registry.npmjs.org/apollo-cache/-/apollo-cache-1.3.5.tgz"
    integrity sha512-1XoDy8kJnyWY/i/+gLTEbYLnoiVtS8y7ikBr/IfmML4Qb+CM7dEEbIUOjnY716WqmZ/UpXIxTfJsY7rMcqiCXA==
    dependencies:
      apollo-utilities "^1.3.4"
      tslib "^1.10.0"
  
  apollo-client@^2.6.10:
    version "2.6.10"
    resolved "https://registry.npmjs.org/apollo-client/-/apollo-client-2.6.10.tgz"
    integrity sha512-jiPlMTN6/5CjZpJOkGeUV0mb4zxx33uXWdj/xQCfAMkuNAC3HN7CvYDyMHHEzmcQ5GV12LszWoQ/VlxET24CtA==
    dependencies:
      "@types/zen-observable" "^0.8.0"
      apollo-cache "1.3.5"
      apollo-link "^1.0.0"
      apollo-utilities "1.3.4"
      symbol-observable "^1.0.2"
      ts-invariant "^0.4.0"
      tslib "^1.10.0"
      zen-observable "^0.8.0"
  
  apollo-link-error@^1.0.3:
    version "1.1.13"
    resolved "https://registry.npmjs.org/apollo-link-error/-/apollo-link-error-1.1.13.tgz"
    integrity sha512-jAZOOahJU6bwSqb2ZyskEK1XdgUY9nkmeclCrW7Gddh1uasHVqmoYc4CKdb0/H0Y1J9lvaXKle2Wsw/Zx1AyUg==
    dependencies:
      apollo-link "^1.2.14"
      apollo-link-http-common "^0.2.16"
      tslib "^1.9.3"
  
  apollo-link-http-common@^0.2.16:
    version "0.2.16"
    resolved "https://registry.npmjs.org/apollo-link-http-common/-/apollo-link-http-common-0.2.16.tgz"
    integrity sha512-2tIhOIrnaF4UbQHf7kjeQA/EmSorB7+HyJIIrUjJOKBgnXwuexi8aMecRlqTIDWcyVXCeqLhUnztMa6bOH/jTg==
    dependencies:
      apollo-link "^1.2.14"
      ts-invariant "^0.4.0"
      tslib "^1.9.3"
  
  apollo-link-http@^1.3.1:
    version "1.5.17"
    resolved "https://registry.npmjs.org/apollo-link-http/-/apollo-link-http-1.5.17.tgz"
    integrity sha512-uWcqAotbwDEU/9+Dm9e1/clO7hTB2kQ/94JYcGouBVLjoKmTeJTUPQKcJGpPwUjZcSqgYicbFqQSoJIW0yrFvg==
    dependencies:
      apollo-link "^1.2.14"
      apollo-link-http-common "^0.2.16"
      tslib "^1.9.3"
  
  apollo-link@^1.0.0, apollo-link@^1.0.6, apollo-link@^1.2.14:
    version "1.2.14"
    resolved "https://registry.npmjs.org/apollo-link/-/apollo-link-1.2.14.tgz"
    integrity sha512-p67CMEFP7kOG1JZ0ZkYZwRDa369w5PIjtMjvrQd/HnIV8FRsHRqLqK+oAZQnFa1DDdZtOtHTi+aMIW6EatC2jg==
    dependencies:
      apollo-utilities "^1.3.0"
      ts-invariant "^0.4.0"
      tslib "^1.9.3"
      zen-observable-ts "^0.8.21"
  
  apollo-utilities@1.3.4, apollo-utilities@^1.3.0, apollo-utilities@^1.3.4:
    version "1.3.4"
    resolved "https://registry.npmjs.org/apollo-utilities/-/apollo-utilities-1.3.4.tgz"
    integrity sha512-pk2hiWrCXMAy2fRPwEyhvka+mqwzeP60Jr1tRYi5xru+3ko94HI9o6lK0CT33/w4RDlxWchmdhDCrvdr+pHCig==
    dependencies:
      "@wry/equality" "^0.1.2"
      fast-json-stable-stringify "^2.0.0"
      ts-invariant "^0.4.0"
      tslib "^1.10.0"
  
  axios@*, axios@^0.21.1:
    version "0.21.4"
    resolved "https://registry.npmjs.org/axios/-/axios-0.21.4.tgz"
    integrity sha512-ut5vewkiu8jjGBdqpM44XxjuCjq9LAKeHVmoVfHVzy8eHgxxq8SbAVQNovDA8mVi05kP0Ea/n/UzcSHcTJQfNg==
    dependencies:
      follow-redirects "^1.14.0"
  
  clsx@^1.0.4:
    version "1.1.1"
    resolved "https://registry.npmjs.org/clsx/-/clsx-1.1.1.tgz"
    integrity sha512-6/bPho624p3S2pMyvP5kKBPXnI3ufHLObBFCfgx+LkeR5lg2XYy2hqZqUf45ypD8COn2bhgGJSUE+l5dhNBieA==
  
  compute-scroll-into-view@^1.0.9:
    version "1.0.17"
    resolved "https://registry.npmjs.org/compute-scroll-into-view/-/compute-scroll-into-view-1.0.17.tgz"
    integrity sha512-j4dx+Fb0URmzbwwMUrhqWM2BEWHdFGx+qZ9qqASHRPqvTYdqvWnHg0H1hIbcyLnvgnoNAVMlwkepyqM3DaIFUg==
  
  css-vendor@^2.0.8:
    version "2.0.8"
    resolved "https://registry.npmjs.org/css-vendor/-/css-vendor-2.0.8.tgz"
    integrity sha512-x9Aq0XTInxrkuFeHKbYC7zWY8ai7qJ04Kxd9MnvbC1uO5DagxoHQjm4JvG+vCdXOoFtCjbL2XSZfxmoYa9uQVQ==
    dependencies:
      "@babel/runtime" "^7.8.3"
      is-in-browser "^1.0.2"
  
  csstype@^2.5.2:
    version "2.6.20"
    resolved "https://registry.npmjs.org/csstype/-/csstype-2.6.20.tgz"
    integrity sha512-/WwNkdXfckNgw6S5R125rrW8ez139lBHWouiBvX8dfMFtcn6V81REDqnH7+CRpRipfYlyU1CmOnOxrmGcFOjeA==
  
  csstype@^3.0.2:
    version "3.0.9"
    resolved "https://registry.npmjs.org/csstype/-/csstype-3.0.9.tgz"
    integrity sha512-rpw6JPxK6Rfg1zLOYCSwle2GFOOsnjmDYDaBwEcwoOg4qlsIVCN789VkBZDJAGi4T07gI4YSutR43t9Zz4Lzuw==
  
  debug@^3.1.0:
    version "3.2.7"
    resolved "https://registry.npmjs.org/debug/-/debug-3.2.7.tgz"
    integrity sha512-CFjzYYAi4ThfiQvizrFQevTTXHtnCqWfe7x1AhgEscTz6ZbLbfoLRLPugTQyBth6f8ZERVUSyWHFD/7Wu4t1XQ==
    dependencies:
      ms "^2.1.1"
  
  dom-helpers@^5.0.1:
    version "5.2.1"
    resolved "https://registry.npmjs.org/dom-helpers/-/dom-helpers-5.2.1.tgz"
    integrity sha512-nRCa7CK3VTrM2NmGkIy4cbK7IZlgBE/PYMn55rrXefr5xXDP0LdtfPnblFDoVdcAfslJ7or6iqAUnx0CCGIWQA==
    dependencies:
      "@babel/runtime" "^7.8.7"
      csstype "^3.0.2"
  
  downshift@^5.1.0-alpha.1:
    version "5.1.0-alpha.1"
    resolved "https://registry.npmjs.org/downshift/-/downshift-5.1.0-alpha.1.tgz"
    integrity sha512-zJKSynVV5p73mNZRGsFvyppwePI3W3wdbVO/1WGzpkeIYYRDmDRYisCdByU0av2z03el1UN5cbsRf5BM84Vrlg==
    dependencies:
      "@babel/runtime" "^7.4.5"
      compute-scroll-into-view "^1.0.9"
      prop-types "^15.7.2"
      react-is "^16.9.0"
  
  es6-promise@^4.0.3:
    version "4.2.8"
    resolved "https://registry.npmjs.org/es6-promise/-/es6-promise-4.2.8.tgz"
    integrity sha512-HJDGx5daxeIvxdBxvG2cb9g4tEvwIk3i8+nhX0yGrYmZUzbkdg8QbDevheDB8gd0//uPj4c1EQua8Q+MViT0/w==
  
  es6-promisify@^5.0.0:
    version "5.0.0"
    resolved "https://registry.npmjs.org/es6-promisify/-/es6-promisify-5.0.0.tgz"
    integrity sha1-UQnWLz5W6pZ8S2NQWu8IKRyKUgM=
    dependencies:
      es6-promise "^4.0.3"
  
  fast-json-stable-stringify@^2.0.0:
    version "2.1.0"
    resolved "https://registry.npmjs.org/fast-json-stable-stringify/-/fast-json-stable-stringify-2.1.0.tgz"
    integrity sha512-lhd/wF+Lk98HZoTCtlVraHtfh5XYijIjalXck7saUtuanSDyLMxnHhSXEDJqHxD7msR8D0uCmqlkwjCV8xvwHw==
  
  follow-redirects@^1.14.0:
    version "1.14.9"
    resolved "https://registry.npmjs.org/follow-redirects/-/follow-redirects-1.14.9.tgz"
    integrity sha512-MQDfihBQYMcyy5dhRDJUHcw7lb2Pv/TuE6xP1vyraLukNDHKbDxDNaOE3NbCAdKQApno+GPRyo1YAp89yCjK4w==
  
  graphql-tag@^2.12.3, graphql-tag@^2.4.2:
    version "2.12.5"
    resolved "https://registry.npmjs.org/graphql-tag/-/graphql-tag-2.12.5.tgz"
    integrity sha512-5xNhP4063d16Pz3HBtKprutsPrmHZi5IdUGOWRxA2B6VF7BIRGOHZ5WQvDmJXZuPcBg7rYwaFxvQYjqkSdR3TQ==
    dependencies:
      tslib "^2.1.0"
  
  graphql-tag@^2.12.6:
    version "2.12.6"
    resolved "https://registry.yarnpkg.com/graphql-tag/-/graphql-tag-2.12.6.tgz#d441a569c1d2537ef10ca3d1633b48725329b5f1"
    integrity sha512-FdSNcu2QQcWnM2VNvSCCDCVS5PpPqpzgFT8+GXzqJuoDd0CBncxCY278u4mhRO7tMgo2JjgJA5aZ+nWSQ/Z+xg==
    dependencies:
      tslib "^2.1.0"
  
  graphql@^16.3.0:
    version "16.3.0"
    resolved "https://registry.yarnpkg.com/graphql/-/graphql-16.3.0.tgz#a91e24d10babf9e60c706919bb182b53ccdffc05"
    integrity sha512-xm+ANmA16BzCT5pLjuXySbQVFwH3oJctUVdy81w1sV0vBU0KgDdBGtxQOUd5zqOBk/JayAFeG8Dlmeq74rjm/A==
  
  history@^5.2.0:
    version "5.3.0"
    resolved "https://registry.npmjs.org/history/-/history-5.3.0.tgz"
    integrity sha512-ZqaKwjjrAYUYfLG+htGaIIZ4nioX2L70ZUMIFysS3xvBsSG4x/n1V6TXV3N8ZYNuFGlDirFg32T7B6WOUPDYcQ==
    dependencies:
      "@babel/runtime" "^7.7.6"
  
  hoist-non-react-statics@^3.3.0, hoist-non-react-statics@^3.3.2:
    version "3.3.2"
    resolved "https://registry.npmjs.org/hoist-non-react-statics/-/hoist-non-react-statics-3.3.2.tgz"
    integrity sha512-/gGivxi8JPKWNm/W0jSmzcMPpfpPLc3dY/6GxhX2hQ9iGj3aDfklV4ET7NjKpSinLpJ5vafa9iiGIEZg10SfBw==
    dependencies:
      react-is "^16.7.0"
  
  https-proxy-agent@^2.2.3:
    version "2.2.4"
    resolved "https://registry.npmjs.org/https-proxy-agent/-/https-proxy-agent-2.2.4.tgz"
    integrity sha512-OmvfoQ53WLjtA9HeYP9RNrWMJzzAz1JGaSFr1nijg0PVR1JaD/xbJq1mdEIIlxGpXp9eSe/O2LgU9DJmTPd0Eg==
    dependencies:
      agent-base "^4.3.0"
      debug "^3.1.0"
  
  hyphenate-style-name@^1.0.3:
    version "1.0.4"
    resolved "https://registry.npmjs.org/hyphenate-style-name/-/hyphenate-style-name-1.0.4.tgz"
    integrity sha512-ygGZLjmXfPHj+ZWh6LwbC37l43MhfztxetbFCoYTM2VjkIUpeHgSNn7QIyVFj7YQ1Wl9Cbw5sholVJPzWvC2MQ==
  
  is-in-browser@^1.0.2, is-in-browser@^1.1.3:
    version "1.1.3"
    resolved "https://registry.npmjs.org/is-in-browser/-/is-in-browser-1.1.3.tgz"
    integrity sha1-Vv9NtoOgeMYILrldrX3GLh0E+DU=
  
  "js-tokens@^3.0.0 || ^4.0.0":
    version "4.0.0"
    resolved "https://registry.npmjs.org/js-tokens/-/js-tokens-4.0.0.tgz"
    integrity sha512-RdJUflcE3cUzKiMqQgsCu06FPu9UdIJO0beYbPhHN4k6apgJtifcoCtT9bcxOpYBtpD2kCM6Sbzg4CausW/PKQ==
  
  jss-plugin-camel-case@^10.5.1:
    version "10.9.0"
    resolved "https://registry.npmjs.org/jss-plugin-camel-case/-/jss-plugin-camel-case-10.9.0.tgz"
    integrity sha512-UH6uPpnDk413/r/2Olmw4+y54yEF2lRIV8XIZyuYpgPYTITLlPOsq6XB9qeqv+75SQSg3KLocq5jUBXW8qWWww==
    dependencies:
      "@babel/runtime" "^7.3.1"
      hyphenate-style-name "^1.0.3"
      jss "10.9.0"
  
  jss-plugin-default-unit@^10.5.1:
    version "10.9.0"
    resolved "https://registry.npmjs.org/jss-plugin-default-unit/-/jss-plugin-default-unit-10.9.0.tgz"
    integrity sha512-7Ju4Q9wJ/MZPsxfu4T84mzdn7pLHWeqoGd/D8O3eDNNJ93Xc8PxnLmV8s8ZPNRYkLdxZqKtm1nPQ0BM4JRlq2w==
    dependencies:
      "@babel/runtime" "^7.3.1"
      jss "10.9.0"
  
  jss-plugin-global@^10.5.1:
    version "10.9.0"
    resolved "https://registry.npmjs.org/jss-plugin-global/-/jss-plugin-global-10.9.0.tgz"
    integrity sha512-4G8PHNJ0x6nwAFsEzcuVDiBlyMsj2y3VjmFAx/uHk/R/gzJV+yRHICjT4MKGGu1cJq2hfowFWCyrr/Gg37FbgQ==
    dependencies:
      "@babel/runtime" "^7.3.1"
      jss "10.9.0"
  
  jss-plugin-nested@^10.5.1:
    version "10.9.0"
    resolved "https://registry.npmjs.org/jss-plugin-nested/-/jss-plugin-nested-10.9.0.tgz"
    integrity sha512-2UJnDrfCZpMYcpPYR16oZB7VAC6b/1QLsRiAutOt7wJaaqwCBvNsosLEu/fUyKNQNGdvg2PPJFDO5AX7dwxtoA==
    dependencies:
      "@babel/runtime" "^7.3.1"
      jss "10.9.0"
      tiny-warning "^1.0.2"
  
  jss-plugin-props-sort@^10.5.1:
    version "10.9.0"
    resolved "https://registry.npmjs.org/jss-plugin-props-sort/-/jss-plugin-props-sort-10.9.0.tgz"
    integrity sha512-7A76HI8bzwqrsMOJTWKx/uD5v+U8piLnp5bvru7g/3ZEQOu1+PjHvv7bFdNO3DwNPC9oM0a//KwIJsIcDCjDzw==
    dependencies:
      "@babel/runtime" "^7.3.1"
      jss "10.9.0"
  
  jss-plugin-rule-value-function@^10.5.1:
    version "10.9.0"
    resolved "https://registry.npmjs.org/jss-plugin-rule-value-function/-/jss-plugin-rule-value-function-10.9.0.tgz"
    integrity sha512-IHJv6YrEf8pRzkY207cPmdbBstBaE+z8pazhPShfz0tZSDtRdQua5jjg6NMz3IbTasVx9FdnmptxPqSWL5tyJg==
    dependencies:
      "@babel/runtime" "^7.3.1"
      jss "10.9.0"
      tiny-warning "^1.0.2"
  
  jss-plugin-vendor-prefixer@^10.5.1:
    version "10.9.0"
    resolved "https://registry.npmjs.org/jss-plugin-vendor-prefixer/-/jss-plugin-vendor-prefixer-10.9.0.tgz"
    integrity sha512-MbvsaXP7iiVdYVSEoi+blrW+AYnTDvHTW6I6zqi7JcwXdc6I9Kbm234nEblayhF38EftoenbM+5218pidmC5gA==
    dependencies:
      "@babel/runtime" "^7.3.1"
      css-vendor "^2.0.8"
      jss "10.9.0"
  
  jss@10.9.0, jss@^10.5.1:
    version "10.9.0"
    resolved "https://registry.npmjs.org/jss/-/jss-10.9.0.tgz"
    integrity sha512-YpzpreB6kUunQBbrlArlsMpXYyndt9JATbt95tajx0t4MTJJcCJdd4hdNpHmOIDiUJrF/oX5wtVFrS3uofWfGw==
    dependencies:
      "@babel/runtime" "^7.3.1"
      csstype "^3.0.2"
      is-in-browser "^1.1.3"
      tiny-warning "^1.0.2"
  
  loose-envify@^1.4.0:
    version "1.4.0"
    resolved "https://registry.npmjs.org/loose-envify/-/loose-envify-1.4.0.tgz"
    integrity sha512-lyuxPGr/Wfhrlem2CL/UcnUc1zcqKAImBDzukY7Y5F/yQiNdko6+fRLevlw1HgMySw7f611UIY408EtxRSoK3Q==
    dependencies:
      js-tokens "^3.0.0 || ^4.0.0"
  
  ms@^2.1.1:
    version "2.1.3"
    resolved "https://registry.npmjs.org/ms/-/ms-2.1.3.tgz"
    integrity sha512-6FlzubTLZG3J2a/NVCAleEhjzq5oxgHyaCU9yYXvcLsvoVaHJq/s5xXI6/XXP6tz7R9xAOtHnSO/tXtF3WRTlA==
  
  object-assign@^4.1.1:
    version "4.1.1"
    resolved "https://registry.npmjs.org/object-assign/-/object-assign-4.1.1.tgz"
    integrity sha1-IQmtx5ZYh8/AXLvUQsrIv7s2CGM=
  
  optimism@^0.10.0:
    version "0.10.3"
    resolved "https://registry.npmjs.org/optimism/-/optimism-0.10.3.tgz"
    integrity sha512-9A5pqGoQk49H6Vhjb9kPgAeeECfUDF6aIICbMDL23kDLStBn1MWk3YvcZ4xWF9CsSf6XEgvRLkXy4xof/56vVw==
    dependencies:
      "@wry/context" "^0.4.0"
  
  optimism@^0.16.1:
    version "0.16.1"
    resolved "https://registry.npmjs.org/optimism/-/optimism-0.16.1.tgz"
    integrity sha512-64i+Uw3otrndfq5kaoGNoY7pvOhSsjFEN4bdEFh80MWVk/dbgJfMv7VFDeCT8LxNAlEVhQmdVEbfE7X2nWNIIg==
    dependencies:
      "@wry/context" "^0.6.0"
      "@wry/trie" "^0.3.0"
  
  popper.js@1.16.1-lts:
    version "1.16.1-lts"
    resolved "https://registry.npmjs.org/popper.js/-/popper.js-1.16.1-lts.tgz"
    integrity sha512-Kjw8nKRl1m+VrSFCoVGPph93W/qrSO7ZkqPpTf7F4bk/sqcfWK019dWBUpE/fBOsOQY1dks/Bmcbfn1heM/IsA==
  
  prop-types@^15.6.1, prop-types@^15.6.2, prop-types@^15.7.2:
    version "15.7.2"
    resolved "https://registry.npmjs.org/prop-types/-/prop-types-15.7.2.tgz"
    integrity sha512-8QQikdH7//R2vurIJSutZ1smHYTcLpRWEOlHnzcWHmBYrOGUysKwSsrC89BCiFj3CbrfJ/nXFdJepOVrY1GCHQ==
    dependencies:
      loose-envify "^1.4.0"
      object-assign "^4.1.1"
      react-is "^16.8.1"
  
  react-apollo@^3.1.5:
    version "3.1.5"
    resolved "https://registry.yarnpkg.com/react-apollo/-/react-apollo-3.1.5.tgz#36692d393c47e7ccc37f0a885c7cc5a8b4961c91"
    integrity sha512-xOxMqxORps+WHrUYbjVHPliviomefOpu5Sh35oO3osuOyPTxvrljdfTLGCggMhcXBsDljtS5Oy4g+ijWg3D4JQ==
    dependencies:
      "@apollo/react-common" "^3.1.4"
      "@apollo/react-components" "^3.1.5"
      "@apollo/react-hoc" "^3.1.5"
      "@apollo/react-hooks" "^3.1.5"
      "@apollo/react-ssr" "^3.1.5"
  
  react-is@^16.7.0, "react-is@^16.8.0 || ^17.0.0", react-is@^16.8.1, react-is@^16.9.0:
    version "16.13.1"
    resolved "https://registry.npmjs.org/react-is/-/react-is-16.13.1.tgz"
    integrity sha512-24e6ynE2H+OKt4kqsOvNd8kBpV65zoxbA4BVsEOB3ARVWQki/DHzaUoC5KuON/BiccDaCCTZBuOcfZs70kR8bQ==
  
  react-paginate@^8.1.2:
    version "8.1.2"
    resolved "https://registry.npmjs.org/react-paginate/-/react-paginate-8.1.2.tgz"
    integrity sha512-buBkBiN9J8gvZYwYNixlTGRmWOC5C6+tH2XHTN8B5qGkRPOSYFkAqxhWUnxSVAeLKxpVZGPya/gOL2eJQNZGvg==
    dependencies:
      prop-types "^15.6.1"
  
  react-router-dom@^6.2.2:
    version "6.2.2"
    resolved "https://registry.npmjs.org/react-router-dom/-/react-router-dom-6.2.2.tgz"
    integrity sha512-AtYEsAST7bDD4dLSQHDnk/qxWLJdad5t1HFa1qJyUrCeGgEuCSw0VB/27ARbF9Fi/W5598ujvJOm3ujUCVzuYQ==
    dependencies:
      history "^5.2.0"
      react-router "6.2.2"
  
  react-router@6.2.2, react-router@^6.2.2:
    version "6.2.2"
    resolved "https://registry.npmjs.org/react-router/-/react-router-6.2.2.tgz"
    integrity sha512-/MbxyLzd7Q7amp4gDOGaYvXwhEojkJD5BtExkuKmj39VEE0m3l/zipf6h2WIB2jyAO0lI6NGETh4RDcktRm4AQ==
    dependencies:
      history "^5.2.0"
  
  react-transition-group@^4.4.0:
    version "4.4.2"
    resolved "https://registry.npmjs.org/react-transition-group/-/react-transition-group-4.4.2.tgz"
    integrity sha512-/RNYfRAMlZwDSr6z4zNKV6xu53/e2BuaBbGhbyYIXTrmgu/bGHzmqOs7mJSJBHy9Ud+ApHx3QjrkKSp1pxvlFg==
    dependencies:
      "@babel/runtime" "^7.5.5"
      dom-helpers "^5.0.1"
      loose-envify "^1.4.0"
      prop-types "^15.6.2"
  
  regenerator-runtime@^0.13.4:
    version "0.13.9"
    resolved "https://registry.npmjs.org/regenerator-runtime/-/regenerator-runtime-0.13.9.tgz"
    integrity sha512-p3VT+cOEgxFsRRA9X4lkI1E+k2/CtnKtU4gcxyaCUreilL/vqI6CdZ3wxVUx3UOUg+gnUOQQcRI7BmSI656MYA==
  
  symbol-observable@^1.0.2:
    version "1.2.0"
    resolved "https://registry.npmjs.org/symbol-observable/-/symbol-observable-1.2.0.tgz"
    integrity sha512-e900nM8RRtGhlV36KGEU9k65K3mPb1WV70OdjfxlG2EAuM1noi/E/BaW/uMhL7bPEssK8QV57vN3esixjUvcXQ==
  
  symbol-observable@^4.0.0:
    version "4.0.0"
    resolved "https://registry.npmjs.org/symbol-observable/-/symbol-observable-4.0.0.tgz"
    integrity sha512-b19dMThMV4HVFynSAM1++gBHAbk2Tc/osgLIBZMKsyqh34jb2e8Os7T6ZW/Bt3pJFdBTd2JwAnAAEQV7rSNvcQ==
  
  tiny-warning@^1.0.2:
    version "1.0.3"
    resolved "https://registry.npmjs.org/tiny-warning/-/tiny-warning-1.0.3.tgz"
    integrity sha512-lBN9zLN/oAf68o3zNXYrdCt1kP8WsiGW8Oo2ka41b2IM5JL/S1CTyX1rW0mb/zSuJun0ZUrDxx4sqvYS2FWzPA==
  
  ts-invariant@^0.4.0, ts-invariant@^0.4.4:
    version "0.4.4"
    resolved "https://registry.npmjs.org/ts-invariant/-/ts-invariant-0.4.4.tgz"
    integrity sha512-uEtWkFM/sdZvRNNDL3Ehu4WVpwaulhwQszV8mrtcdeE8nN00BV9mAmQ88RkrBhFgl9gMgvjJLAQcZbnPXI9mlA==
    dependencies:
      tslib "^1.9.3"
  
  ts-invariant@^0.9.0:
    version "0.9.3"
    resolved "https://registry.npmjs.org/ts-invariant/-/ts-invariant-0.9.3.tgz"
    integrity sha512-HinBlTbFslQI0OHP07JLsSXPibSegec6r9ai5xxq/qHYCsIQbzpymLpDhAUsnXcSrDEcd0L62L8vsOEdzM0qlA==
    dependencies:
      tslib "^2.1.0"
  
  tslib@^1.10.0, tslib@^1.9.3:
    version "1.14.1"
    resolved "https://registry.npmjs.org/tslib/-/tslib-1.14.1.tgz"
    integrity sha512-Xni35NKzjgMrwevysHTCArtLDpPvye8zV/0E4EyYn43P7/7qvQwPh9BGkHewbMulVntbigmcT7rdX3BNo9wRJg==
  
  tslib@^2.1.0, tslib@^2.3.0:
    version "2.3.1"
    resolved "https://registry.npmjs.org/tslib/-/tslib-2.3.1.tgz"
    integrity sha512-77EbyPPpMz+FRFRuAFlWMtmgUWGe9UOG2Z25NqCwiIjRhOf5iKGuzSe5P2w1laq+FkRy4p+PCuVkJSGkzTEKVw==
  
  zen-observable-ts@^0.8.21:
    version "0.8.21"
    resolved "https://registry.npmjs.org/zen-observable-ts/-/zen-observable-ts-0.8.21.tgz"
    integrity sha512-Yj3yXweRc8LdRMrCC8nIc4kkjWecPAUVh0TI0OUrWXx6aX790vLcDlWca6I4vsyCGH3LpWxq0dJRcMOFoVqmeg==
    dependencies:
      tslib "^1.9.3"
      zen-observable "^0.8.0"
  
  zen-observable-ts@~1.1.0:
    version "1.1.0"
    resolved "https://registry.npmjs.org/zen-observable-ts/-/zen-observable-ts-1.1.0.tgz"
    integrity sha512-1h4zlLSqI2cRLPJUHJFL8bCWHhkpuXkF+dbGkRaWjgDIG26DmzyshUMrdV/rL3UnR+mhaX4fRq8LPouq0MYYIA==
    dependencies:
      "@types/zen-observable" "0.8.3"
      zen-observable "0.8.15"
  
  zen-observable@0.8.15, zen-observable@^0.8.0:
    version "0.8.15"
    resolved "https://registry.npmjs.org/zen-observable/-/zen-observable-0.8.15.tgz"
    integrity sha512-PQ2PC7R9rslx84ndNBZB/Dkv8V8fZEpk83RLgXtYd0fwUgEjseMn1Dgajh2x6S8QbZAFa9p2qVCEuYZNgve0dQ==
